2026-04-09 00:56:48 - Usuario test_logs2 creado
2026-04-09 00:56:58 - Usuario test_logs2 bloqueado
2026-04-09 00:57:03 - Usuario test_logs2 desbloqueado
2026-04-09 00:57:15 - Contrasena  Nueva123! cambiada.
2026-04-09 00:57:20 - Usuario test_logs2 eliminado
2026-04-09 01:02:59 - Usuario nobody eliminado
2026-04-09 01:03:07 - Usuario Andres eliminado
2026-04-09 01:03:57 - Usuario UsuarioA creado
2026-04-09 01:04:06 - Usuario UsuarioA bloqueado
2026-04-09 01:04:37 - Usuario UsuarioA desbloqueado
2026-04-09 01:04:54 - Usuario UsuarioA eliminado
2026-04-09 01:06:20 - Usuario UsuarioB creado
2026-04-09 01:06:41 - Contrasena  Hola123! cambiada.
2026-04-13 17:14:59 - Usuario test7 creado
2026-04-13 17:15:16 - Usuario test7 eliminado
2026-04-13 17:15:23 - Usuario test6 eliminado
2026-04-13 17:15:36 - Usuario UsuarioB eliminado
2026-04-13 17:15:43 - Usuario test5 eliminado
2026-04-13 17:15:50 - Usuario test4 eliminado
2026-04-13 17:15:56 - Usuario test3 eliminado
2026-04-13 17:16:25 - Contrasena  Test2! cambiada.
2026-04-13 17:16:37 - Contrasena  Test1! cambiada.
2026-04-13 17:19:08 - Usuario test3 creado
2026-04-13 17:21:25 - Contrasena  Test3! cambiada.
